TN:
SF:__fixtures__/result.js
FNF:0
FNH:0
DA:1,1
LF:1
LH:1
BRF:0
BRH:0
end_of_record
TN:
SF:src/gendiff.js
FN:3,(anonymous_0)
FNF:1
FNH:1
FNDA:10,(anonymous_0)
DA:3,1
DA:4,10
DA:6,10
DA:7,10
DA:9,10
DA:10,26
DA:11,4
DA:12,22
DA:13,8
DA:14,8
DA:15,8
DA:17,14
DA:18,8
DA:19,8
DA:21,6
DA:25,10
DA:26,32
DA:27,10
DA:31,10
LF:19
LH:19
BRDA:10,0,0,4
BRDA:10,0,1,22
BRDA:12,1,0,8
BRDA:12,1,1,14
BRDA:12,2,0,22
BRDA:12,2,1,10
BRDA:14,3,0,8
BRDA:14,3,1,0
BRDA:17,4,0,8
BRDA:17,4,1,6
BRDA:26,5,0,10
BRDA:26,5,1,22
BRF:12
BRH:11
end_of_record
