TN:
SF:__fixtures__/nested-result.js
FNF:0
FNH:0
DA:1,1
LF:1
LH:1
BRF:0
BRH:0
end_of_record
TN:
SF:__fixtures__/plain-result.js
FNF:0
FNH:0
DA:1,1
LF:1
LH:1
BRF:0
BRH:0
end_of_record
TN:
SF:formatters/index.js
FN:4,(anonymous_0)
FNF:1
FNH:1
FNDA:6,(anonymous_0)
DA:4,1
DA:5,6
DA:6,0
DA:8,6
LF:4
LH:3
BRDA:5,0,0,0
BRDA:5,0,1,6
BRDA:5,1,0,6
BRDA:5,1,1,6
BRF:4
BRH:3
end_of_record
TN:
SF:formatters/plain.js
FN:3,(anonymous_0)
FN:4,(anonymous_1)
FNF:2
FNH:0
FNDA:0,(anonymous_0)
FNDA:0,(anonymous_1)
DA:3,1
DA:4,0
DA:5,0
DA:6,0
DA:7,0
DA:8,0
DA:9,0
DA:10,0
DA:11,0
DA:12,0
DA:13,0
DA:14,0
DA:15,0
DA:16,0
DA:18,0
DA:21,0
LF:16
LH:1
BRDA:3,0,0,0
BRDA:5,1,0,0
BRDA:5,1,1,0
BRDA:6,2,0,0
BRDA:6,2,1,0
BRDA:8,3,0,0
BRDA:8,3,1,0
BRDA:9,4,0,0
BRDA:9,4,1,0
BRDA:11,5,0,0
BRDA:11,5,1,0
BRDA:13,6,0,0
BRDA:13,6,1,0
BRDA:14,7,0,0
BRDA:14,7,1,0
BRDA:15,8,0,0
BRDA:15,8,1,0
BRF:17
BRH:0
end_of_record
TN:
SF:formatters/stylish.js
FN:3,(anonymous_0)
FN:4,(anonymous_1)
FN:14,(anonymous_2)
FN:26,(anonymous_3)
FN:27,(anonymous_4)
FN:31,(anonymous_5)
FNF:6
FNH:5
FNDA:9,(anonymous_0)
FNDA:9,(anonymous_1)
FNDA:0,(anonymous_2)
FNDA:6,(anonymous_3)
FNDA:9,(anonymous_4)
FNDA:9,(anonymous_5)
DA:3,1
DA:4,9
DA:5,9
DA:6,9
DA:9,0
DA:10,0
DA:11,0
DA:12,0
DA:14,0
DA:16,0
DA:23,9
DA:26,1
DA:27,6
DA:28,9
DA:29,9
DA:30,9
DA:31,9
DA:32,9
DA:33,0
DA:34,9
DA:35,0
DA:36,9
DA:37,3
DA:38,6
DA:39,3
DA:41,3
DA:43,3
DA:50,6
LF:28
LH:20
BRDA:5,0,0,9
BRDA:5,0,1,0
BRDA:32,1,0,0
BRDA:32,1,1,9
BRDA:34,2,0,0
BRDA:34,2,1,9
BRDA:36,3,0,3
BRDA:36,3,1,6
BRDA:38,4,0,3
BRDA:38,4,1,3
BRF:10
BRH:7
end_of_record
TN:
SF:src/gendiff.js
FN:4,(anonymous_0)
FN:6,(anonymous_1)
FN:20,(anonymous_2)
FNF:3
FNH:3
FNDA:12,(anonymous_0)
FNDA:27,(anonymous_1)
FNDA:27,(anonymous_2)
DA:4,1
DA:5,12
DA:6,12
DA:7,27
DA:8,3
DA:9,24
DA:10,3
DA:11,21
DA:12,9
DA:13,12
DA:14,6
DA:18,6
DA:20,27
DA:21,6
DA:22,6
LF:15
LH:15
BRDA:4,0,0,11
BRDA:7,1,0,3
BRDA:7,1,1,24
BRDA:9,2,0,3
BRDA:9,2,1,21
BRDA:11,3,0,9
BRDA:11,3,1,12
BRDA:11,4,0,21
BRDA:11,4,1,9
BRDA:13,5,0,6
BRDA:13,5,1,6
BRF:11
BRH:11
end_of_record
